Reading graph in MTX format (/home/utilisateur/Documents/polytechnique/2A/COURS_2A/2/INF421/PI/data/networks/ash85.mtx)...done (85 vertices, 219 edges)
Reading graph in MTX format (/home/utilisateur/Documents/polytechnique/2A/COURS_2A/2/INF421/PI/data/networks/ash85.mtx)...done (85 vertices, 219 edges)
Initializing force-directed method: Fruchterman-Reingold 91...done (85 nodes)
force-directed algorihm: Fruchterman Reingold
	 area= 800.0 x 800.0
	 k= 433.86091563731236
	 C= 5.0
	 initial temperature= 400.0
	 minimal temperature= 0.1
	 cooling constant= 0.97

Initializing force-directed method: fast Fruchterman-Reingold 91...done (85 nodes)
fast implementation of the force-directed algorihm: Fruchterman Reingold
	 area= 800.0 x 800.0
	 k= 433.86091563731236
	 C= 5.0
	 initial temperature= 400.0
	 minimal temperature= 0.1
	 cooling constant= 0.97

Performing iteration (FR91): 0
RepulsiveForces time (ms): 18
AttractiveForces time (ms): 0
iteration 0 done (0.018479674 seconds, accumulated time=0.018479674)

Performing iteration (fast FR91): 0
Octree build time (ms): 4
WSPD build time (ms): 15
Number of pairs in WSPD: 2361
Loop over WSPD pairs time (ms): 6
RepulsiveForces time (ms): 26
AttractiveForces time (ms): 0
iteration 0 done (0.026214055 seconds, accumulated time=0.026214055)


Performing iteration (FR91): 1
RepulsiveForces time (ms): 3
AttractiveForces time (ms): 0
iteration 1 done (0.003143101 seconds, accumulated time=0.021622775)

Performing iteration (fast FR91): 1
Octree build time (ms): 0
WSPD build time (ms): 3
Number of pairs in WSPD: 1634
Loop over WSPD pairs time (ms): 2
RepulsiveForces time (ms): 6
AttractiveForces time (ms): 0
iteration 1 done (0.006885821 seconds, accumulated time=0.033099876)


Performing iteration (FR91): 2
RepulsiveForces time (ms): 2
AttractiveForces time (ms): 0
iteration 2 done (0.002992601 seconds, accumulated time=0.024615376)

Performing iteration (fast FR91): 2
Octree build time (ms): 1
WSPD build time (ms): 2
Number of pairs in WSPD: 1828
Loop over WSPD pairs time (ms): 3
RepulsiveForces time (ms): 6
AttractiveForces time (ms): 0
iteration 2 done (0.007302902 seconds, accumulated time=0.040402778)


Performing iteration (FR91): 3
RepulsiveForces time (ms): 3
AttractiveForces time (ms): 0
iteration 3 done (0.002930397 seconds, accumulated time=0.027545773000000003)

Performing iteration (fast FR91): 3
Octree build time (ms): 0
WSPD build time (ms): 4
Number of pairs in WSPD: 2371
Loop over WSPD pairs time (ms): 4
RepulsiveForces time (ms): 9
AttractiveForces time (ms): 0
iteration 3 done (0.009102694 seconds, accumulated time=0.049505472)


Performing iteration (FR91): 4
RepulsiveForces time (ms): 5
AttractiveForces time (ms): 0
iteration 4 done (0.005604202 seconds, accumulated time=0.033149975000000005)

Performing iteration (fast FR91): 4
Octree build time (ms): 1
WSPD build time (ms): 4
Number of pairs in WSPD: 2693
Loop over WSPD pairs time (ms): 4
RepulsiveForces time (ms): 11
AttractiveForces time (ms): 0
iteration 4 done (0.01076323 seconds, accumulated time=0.060268702)


Performing iteration (FR91): 5
RepulsiveForces time (ms): 2
AttractiveForces time (ms): 0
iteration 5 done (0.001505098 seconds, accumulated time=0.03465507300000001)

Performing iteration (fast FR91): 5
Octree build time (ms): 1
WSPD build time (ms): 1
Number of pairs in WSPD: 2678
Loop over WSPD pairs time (ms): 4
RepulsiveForces time (ms): 6
AttractiveForces time (ms): 1
iteration 5 done (0.00651126 seconds, accumulated time=0.066779962)


Performing iteration (FR91): 6
RepulsiveForces time (ms): 1
AttractiveForces time (ms): 0
iteration 6 done (0.001591464 seconds, accumulated time=0.03624653700000001)

Performing iteration (fast FR91): 6
Octree build time (ms): 0
WSPD build time (ms): 1
Number of pairs in WSPD: 3110
Loop over WSPD pairs time (ms): 4
RepulsiveForces time (ms): 6
AttractiveForces time (ms): 1
iteration 6 done (0.007078341 seconds, accumulated time=0.073858303)


Performing iteration (FR91): 7
RepulsiveForces time (ms): 1
AttractiveForces time (ms): 0
iteration 7 done (0.001652654 seconds, accumulated time=0.03789919100000001)

Performing iteration (fast FR91): 7
Octree build time (ms): 0
WSPD build time (ms): 1
Number of pairs in WSPD: 2892
Loop over WSPD pairs time (ms): 4
RepulsiveForces time (ms): 6
AttractiveForces time (ms): 0
iteration 7 done (0.006759026 seconds, accumulated time=0.080617329)


Performing iteration (FR91): 8
RepulsiveForces time (ms): 1
AttractiveForces time (ms): 0
iteration 8 done (0.001617208 seconds, accumulated time=0.039516399000000015)

Performing iteration (fast FR91): 8
Octree build time (ms): 1
WSPD build time (ms): 1
Number of pairs in WSPD: 3053
Loop over WSPD pairs time (ms): 5
RepulsiveForces time (ms): 13
AttractiveForces time (ms): 0
iteration 8 done (0.01329948 seconds, accumulated time=0.093916809)


Performing iteration (FR91): 9
RepulsiveForces time (ms): 1
AttractiveForces time (ms): 0
iteration 9 done (0.001554329 seconds, accumulated time=0.041070728000000015)

Performing iteration (fast FR91): 9
Octree build time (ms): 0
WSPD build time (ms): 5
Number of pairs in WSPD: 2745
Loop over WSPD pairs time (ms): 10
RepulsiveForces time (ms): 20
AttractiveForces time (ms): 0
iteration 9 done (0.020547759 seconds, accumulated time=0.114464568)


Performing iteration (FR91): 10
RepulsiveForces time (ms): 2
AttractiveForces time (ms): 0
iteration 10 done (0.001583728 seconds, accumulated time=0.042654456000000014)

Performing iteration (fast FR91): 10
Octree build time (ms): 1
WSPD build time (ms): 1
Number of pairs in WSPD: 2576
Loop over WSPD pairs time (ms): 3
RepulsiveForces time (ms): 6
AttractiveForces time (ms): 0
iteration 10 done (0.006150517 seconds, accumulated time=0.120615085)


Performing iteration (FR91): 11
RepulsiveForces time (ms): 1
AttractiveForces time (ms): 0
iteration 11 done (0.001661294 seconds, accumulated time=0.044315750000000015)

Performing iteration (fast FR91): 11
Octree build time (ms): 1
WSPD build time (ms): 1
Number of pairs in WSPD: 2892
Loop over WSPD pairs time (ms): 4
RepulsiveForces time (ms): 7
AttractiveForces time (ms): 0
iteration 11 done (0.006776862 seconds, accumulated time=0.127391947)


Performing iteration (FR91): 12
RepulsiveForces time (ms): 2
AttractiveForces time (ms): 0
iteration 12 done (0.00163752 seconds, accumulated time=0.04595327000000002)

Performing iteration (fast FR91): 12
Octree build time (ms): 0
WSPD build time (ms): 2
Number of pairs in WSPD: 2604
Loop over WSPD pairs time (ms): 3
RepulsiveForces time (ms): 6
AttractiveForces time (ms): 0
iteration 12 done (0.006263354 seconds, accumulated time=0.133655301)


Performing iteration (FR91): 13
RepulsiveForces time (ms): 1
AttractiveForces time (ms): 0
iteration 13 done (8.61762E-4 seconds, accumulated time=0.04681503200000002)

Performing iteration (fast FR91): 13
Octree build time (ms): 1
WSPD build time (ms): 1
Number of pairs in WSPD: 2789
Loop over WSPD pairs time (ms): 4
RepulsiveForces time (ms): 7
AttractiveForces time (ms): 0
iteration 13 done (0.006691865 seconds, accumulated time=0.140347166)


Performing iteration (FR91): 14
RepulsiveForces time (ms): 1
AttractiveForces time (ms): 0
iteration 14 done (8.6109E-4 seconds, accumulated time=0.04767612200000002)

Performing iteration (fast FR91): 14
Octree build time (ms): 0
WSPD build time (ms): 1
Number of pairs in WSPD: 2959
Loop over WSPD pairs time (ms): 4
RepulsiveForces time (ms): 6
AttractiveForces time (ms): 0
iteration 14 done (0.006974276 seconds, accumulated time=0.147321442)


