Node[L=6.0][center=(4.0,6.0,0.0)][representative=(1.0,9.0,0.0)][barycenter=(4.0,6.833333333333333,0.0)][npoints=6](
Node[L=3.0][center=(2.5,7.5,-1.5)][representative=(1.0,9.0,0.0)][barycenter=(3.0,8.333333333333332,0.0)][npoints=3](
(1.0,9.0,0.0), 
(4.0,9.0,0.0), 
(4.0,7.0,0.0), 
)
, 
(2.0,3.0,0.0), 
(7.0,4.0,0.0), 
(6.0,9.0,0.0), 
)


Pair:
(4.0,9.0,0.0),
(1.0,9.0,0.0),

Pair:
(4.0,7.0,0.0),
(1.0,9.0,0.0),

Pair:
(1.0,9.0,0.0),
(4.0,9.0,0.0),

Pair:
(4.0,7.0,0.0),
(4.0,9.0,0.0),

Pair:
(1.0,9.0,0.0),
(4.0,7.0,0.0),

Pair:
(4.0,9.0,0.0),
(4.0,7.0,0.0),

Pair:
(1.0,9.0,0.0),(4.0,9.0,0.0),(4.0,7.0,0.0),
(2.0,3.0,0.0),

Pair:
(1.0,9.0,0.0),(4.0,9.0,0.0),(4.0,7.0,0.0),
(7.0,4.0,0.0),

Pair:
(1.0,9.0,0.0),
(6.0,9.0,0.0),

Pair:
(4.0,9.0,0.0),
(6.0,9.0,0.0),

Pair:
(4.0,7.0,0.0),
(6.0,9.0,0.0),

Pair:
(1.0,9.0,0.0),(4.0,9.0,0.0),(4.0,7.0,0.0),
(2.0,3.0,0.0),

Pair:
(7.0,4.0,0.0),
(2.0,3.0,0.0),

Pair:
(6.0,9.0,0.0),
(2.0,3.0,0.0),

Pair:
(1.0,9.0,0.0),(4.0,9.0,0.0),(4.0,7.0,0.0),
(7.0,4.0,0.0),

Pair:
(2.0,3.0,0.0),
(7.0,4.0,0.0),

Pair:
(6.0,9.0,0.0),
(7.0,4.0,0.0),

Pair:
(1.0,9.0,0.0),
(6.0,9.0,0.0),

Pair:
(4.0,9.0,0.0),
(6.0,9.0,0.0),

Pair:
(4.0,7.0,0.0),
(6.0,9.0,0.0),

Pair:
(2.0,3.0,0.0),
(6.0,9.0,0.0),

Pair:
(7.0,4.0,0.0),
(6.0,9.0,0.0),
Octree (ms): 0
WSPD (ms): 0
Number of pairs in WSPD: 30; 
FastClosestPair computation (ms): 1
(4.0,7.0,0.0)
(4.0,9.0,0.0)
Octree (ms): 0
WSPD (ms): 0
Number of pairs in WSPD: 30; 
FastDiameter computation (ms): 0
(1.0,9.0,0.0)
(7.0,4.0,0.0)
